<?xml version="1.0" encoding="UTF-8"?>
<testsuites name="jest tests" tests="1" failures="0" errors="0" time="0.207">
  <testsuite name="src/App.test.js" errors="0" failures="0" skipped="0" timestamp="2025-06-28T11:19:57" time="0.192" tests="1">
    <testcase classname="-renders learn Jenkins link" name="-renders learn Jenkins link" time="0.008">
    </testcase>
  </testsuite>
</testsuites>